LibBase/build/intermediates/manifest_merge_blame_file/debug/manifest-merger-blame-debug-report.txt
1<?xml version="1.0" encoding="utf-8"?>
2<manifest xmlns:android="http://schemas.android.com/apk/res/android"
3    xmlns:tools="http://schemas.android.com/tools"
4    package="pub.gll.onepeas.libbase" >
5
6    <uses-sdk
7        android:minSdkVersion="24"
7-->src/main/AndroidManifest.xml
8        android:targetSdkVersion="33" />
8-->src/main/AndroidManifest.xml
9
10    <application
10-->src/main/AndroidManifest.xml:5:5-25:19
11        android:allowBackup="true"
11-->src/main/AndroidManifest.xml:6:9-35
12        android:dataExtractionRules="@xml/data_extraction_rules"
12-->src/main/AndroidManifest.xml:7:9-65
13        android:fullBackupContent="@xml/backup_rules"
13-->src/main/AndroidManifest.xml:8:9-54
14        android:icon="@mipmap/ic_launcher"
14-->src/main/AndroidManifest.xml:11:9-43
15        android:label="@string/app_name"
15-->src/main/AndroidManifest.xml:9:9-41
16        android:networkSecurityConfig="@xml/network_security_config"
16-->src/main/AndroidManifest.xml:13:9-69
17        android:roundIcon="@mipmap/ic_launcher_round"
17-->src/main/AndroidManifest.xml:12:9-54
18        android:supportsRtl="true"
18-->src/main/AndroidManifest.xml:14:9-35
19        android:theme="@style/Theme.OnePeasToDo"
19-->src/main/AndroidManifest.xml:15:9-49
20        android:usesCleartextTraffic="true" >
20-->src/main/AndroidManifest.xml:10:9-44
21        <activity
21-->src/main/AndroidManifest.xml:18:9-23:20
22            android:name="pub.gll.onepeas.libbase.webview.WebActivity"
22-->src/main/AndroidManifest.xml:19:13-71
23            android:configChanges="keyboardHidden|orientation|screenSize"
23-->src/main/AndroidManifest.xml:21:13-74
24            android:hardwareAccelerated="true"
24-->src/main/AndroidManifest.xml:22:13-47
25            android:theme="@style/AppTheme" >
25-->src/main/AndroidManifest.xml:20:13-44
26        </activity>
27    </application>
28
29</manifest>